INFO:root:Started FriseScraper
INFO:root:Making api call in wikipedia...
INFO:root:Parsing wikipedia results...
INFO:root:Inserting events in database...
INFO:root:Started FriseScraper
INFO:root:Making api call in wikipedia...
INFO:root:Parsing wikipedia results...
INFO:root:Inserting events in database...
INFO:root:Started FriseScraper
INFO:root:Making api call in wikipedia...
INFO:root:Parsing wikipedia results...
INFO:root:Inserting events in database...
INFO:root:Started FriseScraper
INFO:root:Making api call in wikipedia...
INFO:root:Parsing wikipedia results...
INFO:root:Inserting events in database...
INFO:root:Started FriseScraper
INFO:root:Making api call in wikipedia...
INFO:root:Parsing wikipedia results...
INFO:root:Inserting events in database...
INFO:root:Started FriseScraper
INFO:root:Making api call in wikipedia...
INFO:root:Parsing wikipedia results...
INFO:root:Inserting events in database...
INFO:root:Started FriseScraper
INFO:root:Making api call in wikipedia...
INFO:root:Parsing wikipedia results...
INFO:root:Inserting events in database...
INFO:root:Started FriseScraper
INFO:root:Making api call in wikipedia...
INFO:root:Parsing wikipedia results...
INFO:root:Inserting events in database...
INFO:root:Started FriseScraper
INFO:root:Making api call in wikipedia...
INFO:root:Started FriseScraper
INFO:root:Making api call in wikipedia...
INFO:root:Parsing wikipedia results...
INFO:root:Inserting events in database...
WARNING:root:Missing required event property, can't insert event in database: None, 1029/01/01, None, None, wikipedia
INFO:root:Started FriseScraper
INFO:root:Making api call in wikipedia...
INFO:root:Parsing wikipedia results...
INFO:root:Inserting events in database...
WARNING:root:Missing required event property, can't insert event in database: None, 1029/01/01, None, None, wikipedia
WARNING:root:Missing required event property, can't insert event in database: None, 1888/10/14, None, None, wikipedia
WARNING:root:Missing required event property, can't insert event in database: None, 1896/11/30, None, None, wikipedia
WARNING:root:Missing required event property, can't insert event in database: None, 1899/12/02, None, None, wikipedia
WARNING:root:Missing required event property, can't insert event in database: None, 1918/11/18, None, None, wikipedia
INFO:root:Exiting FriseScraper
INFO:root:Started FriseScraper
INFO:root:Making api call in wikipedia...
INFO:root:Parsing wikipedia results...
INFO:root:Going to make panda_score api call...
INFO:root:Going to make panda_score event_list
INFO:root:Inserting events in database...
WARNING:root:Missing required event property, can't insert event in database: None, 1029/01/01, None, None, wikipedia
WARNING:root:Missing required event property, can't insert event in database: None, 1888/10/14, None, None, wikipedia
WARNING:root:Missing required event property, can't insert event in database: None, 1896/11/30, None, None, wikipedia
WARNING:root:Missing required event property, can't insert event in database: None, 1899/12/02, None, None, wikipedia
WARNING:root:Missing required event property, can't insert event in database: None, 1918/11/18, None, None, wikipedia
INFO:root:Inserting events in database...
INFO:root:Exiting FriseScraper
INFO:root:Started FriseScraper
INFO:root:Making api call in wikipedia...
INFO:root:Parsing wikipedia results...
INFO:root:Going to make panda_score api call...
INFO:root:Started FriseScraper
INFO:root:Making api call in wikipedia...
INFO:root:Parsing wikipedia results...
INFO:root:Going to make panda_score api call...
INFO:root:Started FriseScraper
INFO:root:Making api call in wikipedia...
INFO:root:Parsing wikipedia results...
INFO:root:Going to make panda_score api call...
INFO:root:Started FriseScraper
INFO:root:Making api call in wikipedia...
INFO:root:Parsing wikipedia results...
INFO:root:Going to make panda_score api call...
INFO:root:Started FriseScraper
INFO:root:Making api call in wikipedia...
INFO:root:Parsing wikipedia results...
INFO:root:Inserting events in database...
INFO:root:Started FriseScraper
INFO:root:Making api call in wikipedia...
INFO:root:Parsing wikipedia results...
INFO:root:Inserting events in database...
